1550606319640	mozrunner::runner	INFO	Running command: "C:\\Program Files\\Mozilla Firefox\\firefox.exe" "-marionette" "-foreground" "-no-remote" "-profile" "C:\\Users\\Matej\\AppData\\Local\\Temp\\rust_mozprofile.oeFC7QpM9vVM"
1550606319919	addons.webextension.screenshots@mozilla.org	WARN	Loading extension 'screenshots@mozilla.org': Reading manifest: Invalid host permission: resource://pdf.js/
1550606319920	addons.webextension.screenshots@mozilla.org	WARN	Loading extension 'screenshots@mozilla.org': Reading manifest: Invalid host permission: about:reader*
1550606321034	Marionette	INFO	Listening on port 50948
1550606321252	Marionette	WARN	TLS certificate errors will be ignored for this session
JavaScript error: https://www.osijek.hr/arhiva-natjecaja/, line 154: SyntaxError: missing ) after argument list
JavaScript error: https://www.osijek.hr/wp-content/plugins/photo-gallery/js/scripts.min.js?ver=1.5.15, line 1: TypeError: jQuery(...).hideShow is not a function
1550606323805	Marionette	INFO	Stopped listening on port 50948
[Parent 11952, Gecko_IOThread] WARNING: pipe error: 109: file z:/build/build/src/ipc/chromium/src/chrome/common/ipc_channel_win.cc, line 332
[Child 3088, Chrome_ChildThread] WARNING: pipe error: 109: file z:/build/build/src/ipc/chromium/src/chrome/common/ipc_channel_win.cc, line 332
[Child 3088, C[Child 11524, Chrome[Parent 11952, Gecko_IOThread] WARNING: pipe error: 109: file z:/build/build/src/ipc/chromium/src/chrome/common/ipc_channel_win.cc, line 332
[Child 8876, Chrome_ChildThread] WARNING: pipe error: 109: file z:/build/build/src/ipc/chromium/src/chrome/common/ipc_channel_win.cc, line 332
[Child 8876, Chrome_ChildThread
###!!! [Child][RunMessage] Error: Channel closing: too late to send/recv, messages will be lost

[
###!!! [Child][MessageChannel::SendAndWait] Error: Channel error: cannot send/recv

1550606615717	mozrunner::runner	INFO	Running command: "C:\\Program Files\\Mozilla Firefox\\firefox.exe" "-marionette" "-foreground" "-no-remote" "-profile" "C:\\Users\\Matej\\AppData\\Local\\Temp\\rust_mozprofile.KCQZ3miSPA1a"
1550606615988	addons.webextension.screenshots@mozilla.org	WARN	Loading extension 'screenshots@mozilla.org': Reading manifest: Invalid host permission: resource://pdf.js/
1550606615988	addons.webextension.screenshots@mozilla.org	WARN	Loading extension 'screenshots@mozilla.org': Reading manifest: Invalid host permission: about:reader*
1550606616830	Marionette	INFO	Listening on port 51120
1550606617332	Marionette	WARN	TLS certificate errors will be ignored for this session
JavaScript error: https://www.osijek.hr/arhiva-natjecaja/, line 154: SyntaxError: missing ) after argument list
JavaScript error: https://www.osijek.hr/wp-content/plugins/photo-gallery/js/scripts.min.js?ver=1.5.15, line 1: TypeError: jQuery(...).hideShow is not a function
1550606619861	Marionette	INFO	Stopped listening on port 51120
[Child 6832, Chrome_ChildThread] WARNING: pipe error: 109: file z:/build/build/src/ipc/chromium/src/chrome/common/ipc_channel_win.cc, line 332
[Child 6832, Chrome_ChildThread] WARNING: pipe error: 109: file z:/build/build/src/ipc/chromium/src/chrome/common/ipc_channel_win.cc, line 332
JavaScript error: resource://gre/modules/WebProgressChild.jsm, line 58: TypeError: this.mm.content is null
[Child 10408, Chrome_ChildThread] WARNING: pipe error: 109: file z:/build/build/src/ipc/chromium/src/chrome/common/ipc_channel_win.cc, line 332
[Child 10408, Chrome_ChildThread] WARNING: pipe error: 109: f[Parent 10088, Gecko_IOThread] WARNING: pipe error: 109: file z:/build/build/src/ipc/chromium/src/chrome/common/ipc_channel_win.cc, line 332
[Child 6344, Chrome_ChildThread] WARNING: pipe error: 109: file z:/build/build/src/ipc/chromium/src/chrome/common/ipc_channel_win.cc, line 332
[Child
###!!! [Child][RunMessage] Error: Channel closing: too late to send/recv, messages will be lost

[
###!!! [Child][MessageChannel::SendAndWait] Error: Channel error: cannot send/recv

1550606632418	mozrunner::runner	INFO	Running command: "C:\\Program Files\\Mozilla Firefox\\firefox.exe" "-marionette" "-foreground" "-no-remote" "-profile" "C:\\Users\\Matej\\AppData\\Local\\Temp\\rust_mozprofile.iybhDsgXkFf4"
1550606632695	addons.webextension.screenshots@mozilla.org	WARN	Loading extension 'screenshots@mozilla.org': Reading manifest: Invalid host permission: resource://pdf.js/
1550606632695	addons.webextension.screenshots@mozilla.org	WARN	Loading extension 'screenshots@mozilla.org': Reading manifest: Invalid host permission: about:reader*
1550606633582	Marionette	INFO	Listening on port 51173
1550606634027	Marionette	WARN	TLS certificate errors will be ignored for this session
JavaScript error: https://www.osijek.hr/arhiva-natjecaja/, line 154: SyntaxError: missing ) after argument list
JavaScript error: https://www.osijek.hr/wp-content/plugins/photo-gallery/js/scripts.min.js?ver=1.5.15, line 1: TypeError: jQuery(...).hideShow is not a function
1550606636347	Marionette	INFO	Stopped listening on port 51173
[Child 11780, Chrome_ChildThread] WARNING: pipe error: 109: file z:/build/build/src/ipc/chromium/src/chrome/common/ipc_channel_win.cc, line 332
[Child 11780, Chrome_ChildTh[Parent 11532, Gecko_IOThread] WARNING: pipe error: 109: file z:/build/build/src/ipc/chromium/src/chrome/common/ipc_channel_win.cc, line 332
[Child 2692, Chrome_ChildThread] WARNING: pipe error: 109: file z:/build/build/src/ipc/chromium/src/chrome/common/ipc_channel_win.cc, line 332
[Child 2692, Chrome_ChildThread] W[Parent 11532, Gecko_IOThread] WARNING: pipe error: 109: file z:/build/build/src/ipc/chromium/src/chrome/common/ipc_channel_win.cc, line 332
[Child 6752, Chrome_ChildThread] WARNING: pipe error: 109: file z:/build/build/src/ipc/chromium/src/chrome/common/ipc_channel_win.cc, line 332
[Child 6752, Ch
###!!! [Child][RunMessage] Error: Channel closing: too late to send/recv, messages will be lost

[GPU 4476, Chrome_Chi
###!!! [Child][MessageChannel::SendAndWait] Error: Channel error: cannot send/recv

1550606897120	mozrunner::runner	INFO	Running command: "C:\\Program Files\\Mozilla Firefox\\firefox.exe" "-marionette" "-foreground" "-no-remote" "-profile" "C:\\Users\\Matej\\AppData\\Local\\Temp\\rust_mozprofile.VXcJ3FKM2unv"
1550606897372	addons.webextension.screenshots@mozilla.org	WARN	Loading extension 'screenshots@mozilla.org': Reading manifest: Invalid host permission: resource://pdf.js/
1550606897372	addons.webextension.screenshots@mozilla.org	WARN	Loading extension 'screenshots@mozilla.org': Reading manifest: Invalid host permission: about:reader*
1550606898284	Marionette	INFO	Listening on port 51301
1550606898731	Marionette	WARN	TLS certificate errors will be ignored for this session
JavaScript error: https://www.osijek.hr/arhiva-natjecaja/, line 154: SyntaxError: missing ) after argument list
JavaScript error: https://www.osijek.hr/wp-content/plugins/photo-gallery/js/scripts.min.js?ver=1.5.15, line 1: TypeError: jQuery(...).hideShow is not a function
1550606903783	Marionette	INFO	Stopped listening on port 51301
[Child 12180, Chrome_ChildThread] WARNING: pipe error: 109: file z:/build/build/src/ipc/chromium/src/chrome/common/ipc_channel_win.cc, line 332
[Child 12180, Chrome_ChildThread] WARNING: pipe er[Child 5096, Chrome_ChildThread] WARNING: pipe error: 109: file z:/build/build/src/ipc/chromium/src/chrome/common/ipc_channel_win.cc, line 332
[Child 5096, Chrome_[Parent 11840, Gecko_IOThread] WARNING: pipe error: 109: file z:/build/build/src/ipc/chromium/src/chrome/common/ipc_channel_win.cc, line 332
[Child 10392, Chrome_ChildThread] WARNING: pipe error: 109: file z:/build/build/src/ipc/chromium/src/chrome/common/ipc_channel_win.cc, line 332
[Child 10392, Ch
###!!! [Child][RunMessage] Error: Channel closing: too late to send/recv, messages will be lost

[GPU 7
###!!! [Child][MessageChannel::SendAndWait] Error: Channel error: cannot send/recv

1550606917433	mozrunner::runner	INFO	Running command: "C:\\Program Files\\Mozilla Firefox\\firefox.exe" "-marionette" "-foreground" "-no-remote" "-profile" "C:\\Users\\Matej\\AppData\\Local\\Temp\\rust_mozprofile.1GrEKGPDlPQj"
1550606917689	addons.webextension.screenshots@mozilla.org	WARN	Loading extension 'screenshots@mozilla.org': Reading manifest: Invalid host permission: resource://pdf.js/
1550606917689	addons.webextension.screenshots@mozilla.org	WARN	Loading extension 'screenshots@mozilla.org': Reading manifest: Invalid host permission: about:reader*
1550606918652	Marionette	INFO	Listening on port 51356
1550606919044	Marionette	WARN	TLS certificate errors will be ignored for this session
JavaScript error: https://www.osijek.hr/arhiva-natjecaja/, line 154: SyntaxError: missing ) after argument list
JavaScript error: https://www.osijek.hr/wp-content/plugins/photo-gallery/js/scripts.min.js?ver=1.5.15, line 1: TypeError: jQuery(...).hideShow is not a function
[Parent 7284, Gecko_IOThread] WARNING: pipe error: 109: file z:/build/build/src/ipc/chromium/src/chrome/common/ipc_channel_win.cc, line 332
[Parent 7284, Gecko_IOThread] WARNING: pipe error: 109: file z:/build/build/src/ipc/chromium/src/chrome/common/ipc_channel_win.cc, line 332
[Child 236, Chrome_ChildThread] WARNING: pipe error: 109: file z:/build/build/src/ipc/chromium/src/chrome/common/ipc_channel_win.cc, line [Child 11380, 332
Chrome_C[ChildhildThread] WA RNING: pipe error: 109: file z:/build/build/src/ipc/chromium/src/chrome/common/ipc_channel_win.cc, line 332
[Child 11380, Chrome_ChildThr[Parent 7284, Gecko_IOThread] WARNING: pipe error: 109: file z:/build/build/src/ipc/chromium/src/chrome/common/ipc_channel_win.cc, line 332
[Child 4460, Chrome_ChildThread] WARNING: pipe error: 109: file z:/build/build/src/ipc/chromium/src/chrome/common/ipc_channel_win.cc, line 332
[Child 4460, Chrome1550606998948	Marionette	INFO	Stopped listening on port 51356

###!!!IPDL protocol error: Handler returned error code!

###!!! [Parent][DispatchAsyncMessage] Error: PLayerTransaction::Msg_ReleaseLayer Processing error: message was deserialized, but the handler returned false (indicating failure)

IPDL protocol error: Handler returned error code!

###!!! [Parent][DispatchAsyncMessage] Error: PLayerTransaction::Msg_ReleaseLayer Processing error: message was deserialized, but the handler returned false (indicating failure)

[Child 1428, Chrome_ChildThread] WARNING: pipe error: 109: file z:/build/build/src/ipc/chromium/src/chrome/common/ipc_channel_win.cc, line 332
[Child 1428, Chrome_[CChildThreahild 7660, Chrome_ChildThread] WARNING: pipe error: 109: file z:/build/build/src/ipc/chromium/src/chrome/common/ipc_channel_win.cc, line 332
[Child 7660, Chrome_C[Parent 11148, Gecko_IOThread] WARNING: pipe error: 109: file z:/build/build/src/ipc/chromium/src/chrome/common/ipc_channel_win.cc, line 332
[Child 9528, Chrome_ChildThread] WARNING: pipe error: 109: file z:/build/build/src/ipc/chromium/src/chrome/common/ipc_channel_win.cc, line 332
[Child 9528, Chrome_ChildTh1550606999473	Marionette	INFO	Stopped listening on port 51428
[GPU 8056, Chrome_ChildThread] WARNING: 
###!!! [Child][RunMessage] Error: Channel closing: too late to send/recv, messages will be lost


###!!! [Child][MessageChannel::SendAndWait] Error: Channel error: cannot send/recv

1550607268019	mozrunner::runner	INFO	Running command: "C:\\Program Files\\Mozilla Firefox\\firefox.exe" "-marionette" "-foreground" "-no-remote" "-profile" "C:\\Users\\Matej\\AppData\\Local\\Temp\\rust_mozprofile.3IvvWu6IxFwb"
1550607268278	addons.webextension.screenshots@mozilla.org	WARN	Loading extension 'screenshots@mozilla.org': Reading manifest: Invalid host permission: resource://pdf.js/
1550607268278	addons.webextension.screenshots@mozilla.org	WARN	Loading extension 'screenshots@mozilla.org': Reading manifest: Invalid host permission: about:reader*
1550607269173	Marionette	INFO	Listening on port 51534
1550607269632	Marionette	WARN	TLS certificate errors will be ignored for this session
JavaScript error: https://www.osijek.hr/arhiva-natjecaja/, line 154: SyntaxError: missing ) after argument list
JavaScript error: https://www.osijek.hr/wp-content/plugins/photo-gallery/js/scripts.min.js?ver=1.5.15, line 1: TypeError: jQuery(...).hideShow is not a function
1550607272132	Marionette	INFO	Stopped listening on port 51534
[Child 7800, Chrome_ChildThread] WARNING: pipe error: 109: file z:/build/build/src/ipc/chromium/src/chrome/common/ipc_channel_win.cc, line 332
[Child 7800, Chrome_ChildThread] WARN[Parent 8460, Gecko_IOThread] WARNING: pipe error: 109: file z:/build/build/src/ipc/chromium/src/chrome/common/ipc_channel_win.cc, line 332
[Child 10956, Chrome_ChildThread] WARNING: pipe error: 109: file z:/build/build/src/ipc/chromium/src/chrome/common/ipc_channel_win.cc, line 332
[Child 10956, Chro[Parent 8460, Gecko_IOThread] WARNING: pipe error: 109: file z:/build/build/src/ipc/chromium/src/chrome/common/ipc_channel_win.cc, line 332
[Child 10028, Chrome_ChildThread] WARNING: pipe error: 109: file z:/build/build/src/ipc/chromium/src/chrome/common/ipc_channel_win.cc, line 332
[Child 10028, Chr[GPU 7
###!!! [Child][MessageChannel::SendAndWait] Error: Channel error: cannot send/recv

1550607527832	mozrunner::runner	INFO	Running command: "C:\\Program Files\\Mozilla Firefox\\firefox.exe" "-marionette" "-foreground" "-no-remote" "-profile" "C:\\Users\\Matej\\AppData\\Local\\Temp\\rust_mozprofile.zc0VStYBvZkM"
1550607528106	addons.webextension.screenshots@mozilla.org	WARN	Loading extension 'screenshots@mozilla.org': Reading manifest: Invalid host permission: resource://pdf.js/
1550607528106	addons.webextension.screenshots@mozilla.org	WARN	Loading extension 'screenshots@mozilla.org': Reading manifest: Invalid host permission: about:reader*
1550607528990	Marionette	INFO	Listening on port 51612
1550607529446	Marionette	WARN	TLS certificate errors will be ignored for this session
JavaScript error: https://www.osijek.hr/arhiva-natjecaja/, line 154: SyntaxError: missing ) after argument list
JavaScript error: https://www.osijek.hr/wp-content/plugins/photo-gallery/js/scripts.min.js?ver=1.5.15, line 1: TypeError: jQuery(...).hideShow is not a function
1550607532318	Marionette	INFO	Stopped listening on port 51612
[Child 6524, Chrome_ChildThread] WARNING: pipe error: 109: file z:/build/build/src/ipc/chromium/src/chrome/common/ipc_channel_win.cc, line 332
[Child 6524, Chrome_ChildThrea[Parent 8872, Gecko_IOThread] WARNING: pipe error: 109: file z:/build/build/src/ipc/chromium/src/chrome/common/ipc_channel_win.cc, line 332
[Child 2176, Chrome_ChildThread] WARNING: pipe error: 109: file z:/build/build/src/ipc/chromium/src/chrome/common/ipc_channel_win.cc, line 332
[Child 2176, Chrome_ChildThread] WARNING: pipe error: 109: file z:/build[Parent 8872, Gecko_IOThread] WARNING: pipe error: 109: file z:/build/build/src/ipc/chromium/src/chrome/common/ipc_channel_win.cc, line 332
[Child 2648, Chrome_ChildThread] WARNING: pipe error: 109: file z:/build/build/src/ipc/chromium/src/chrome/common/ipc_channel_win.cc, line 332
[Child 2648, Chr
###!!! [Child][RunMessage] Error: Channel closing: too late to send/recv, messages will be lost

[
###!!! [Child][MessageChannel::SendAndWait] Error: Channel error: cannot send/recv

1550607548862	mozrunner::runner	INFO	Running command: "C:\\Program Files\\Mozilla Firefox\\firefox.exe" "-marionette" "-foreground" "-no-remote" "-profile" "C:\\Users\\Matej\\AppData\\Local\\Temp\\rust_mozprofile.RXhZ5cKOITow"
1550607549116	addons.webextension.screenshots@mozilla.org	WARN	Loading extension 'screenshots@mozilla.org': Reading manifest: Invalid host permission: resource://pdf.js/
1550607549116	addons.webextension.screenshots@mozilla.org	WARN	Loading extension 'screenshots@mozilla.org': Reading manifest: Invalid host permission: about:reader*
1550607549975	Marionette	INFO	Listening on port 51665
1550607550473	Marionette	WARN	TLS certificate errors will be ignored for this session
JavaScript error: https://www.osijek.hr/arhiva-natjecaja/, line 154: SyntaxError: missing ) after argument list
JavaScript error: https://www.osijek.hr/wp-content/plugins/photo-gallery/js/scripts.min.js?ver=1.5.15, line 1: TypeError: jQuery(...).hideShow is not a function
1550607553193	Marionette	INFO	Stopped listening on port 51665
[Child 3296, Chrome_ChildThread] WARNING: pipe error: 109: file z:/build/build/src/ipc/chromium/src/chrome/common/ipc_channel_win.cc, line 332
[Child 3296, Chrome_Chil[Parent 5592, Gecko_IOThread] WARNING: pipe error: 109: file z:/build/build/src/ipc/chromium/src/chrome/common/ipc_channel_win.cc, line 332
[Child 6160, Chrome_ChildThread] WARNING: pipe error: 109: file z:/build/build/src/ipc/chromium/src/chrome/common/ipc_channel_win.cc, line 332
[Child 6160, Chrome_ChildThread] WAR[Parent 5592, Gecko_IOThread] WARNING: pipe error: 109: file z:/build/build/src/ipc/chromium/src/chrome/common/ipc_channel_win.cc, line 332
[Child 6780, Chrome_ChildThread] WARNING: pipe error: 109: file z:/build/build/src/ipc/chromium/src/chrome/common/ipc_channel_win.cc, line 332
[Child 6780, Chrome_ChildThread] WARN[GPU 224, Chrome_ChildT
###!!! [Child][RunMessage] Error: Channel closing: too late to send/recv, messages will be lost


###!!! [Child][MessageChannel::SendAndWait] Error: Channel error: cannot send/recv

1550607748096	mozrunner::runner	INFO	Running command: "C:\\Program Files\\Mozilla Firefox\\firefox.exe" "-marionette" "-foreground" "-no-remote" "-profile" "C:\\Users\\Matej\\AppData\\Local\\Temp\\rust_mozprofile.6kgOwhXDNzVw"
1550607748360	addons.webextension.screenshots@mozilla.org	WARN	Loading extension 'screenshots@mozilla.org': Reading manifest: Invalid host permission: resource://pdf.js/
1550607748360	addons.webextension.screenshots@mozilla.org	WARN	Loading extension 'screenshots@mozilla.org': Reading manifest: Invalid host permission: about:reader*
1550607749252	Marionette	INFO	Listening on port 51743
1550607749709	Marionette	WARN	TLS certificate errors will be ignored for this session
JavaScript error: https://www.osijek.hr/arhiva-natjecaja/, line 154: SyntaxError: missing ) after argument list
JavaScript error: https://www.osijek.hr/wp-content/plugins/photo-gallery/js/scripts.min.js?ver=1.5.15, line 1: TypeError: jQuery(...).hideShow is not a function
[Parent 7744, Gecko_IOThread] WARNING: pipe error: 109: file z:/build/build/src/ipc/chromium/src/chrome/common/ipc_channel_win.cc, line 332
[Child 12124, Chrome_ChildThread] WARNING: pipe error: 109: file z:/build/build/src/ipc/chromium/src/chrom[eC/hcild 12224, Chrome_ChildThread] WARNING: piommon/pe error: 109: file z:/build/build/src/ipc/chromium/src/chrome/common/ipc_channel_win.cc, line 332i
pc_channel_win.cc, line 332[
Child 12224,[Child 12124[Parent 7744, Gecko_IOThread] WARNING: pipe error: 109: file z:/build/build/src/ipc/chromium/src/chrome/common/ipc_channel_win.cc, line 332
[Child 2672, Chrome_ChildThread] WARNING: pipe error: 109: file z:/build/build/src/ipc/chromium/src/chrome/common/ipc_channel_win.cc, line 332
[Child 2672, Chrome_ChildThread] WARNING: pipe error: 109: file z:/build/build1550607774744	Marionette	INFO	Stopped listening on port 51743

###!!! [Child][RunMessage] Error: Channel closing: too late to send/recv, messages will be lost
[Parent 11548, Gecko_IOThread] WARNING: pipe error: 109: file z:/build/build/src/ipc/chromium/src/chrome/common/ipc_channel_win.cc, line 332
[Child[Child 8616, Chrome_ChildThread] WARNING: pipe error: 109: file z:/build/build/src/ipc/chromium/src/chrome/common/ipc_channel_win.cc, line 332
[Child 8616, Chrome_ChildThrea[Parent 11548, Ge1550607793499	addons.webextension.screenshots@mozilla.org	WARN	Loading extension 'screenshots@mozilla.org': Reading manifest: Invalid host permission: resource://pdf.js/
1550607793499	addons.webextension.screenshots@mozilla.org	WARN	Loading extension 'screenshots@mozilla.org': Reading manifest: Invalid host permission: about:reader*
1550607794359	Marionette	INFO	Listening on port 51853
1550607794846	Marionette	WARN	TLS certificate errors will be ignored for this session
JavaScript error: https://www.osijek.hr/arhiva-natjecaja/, line 154: SyntaxError: missing ) after argument list
JavaScript error: https://www.osijek.hr/wp-content/plugins/photo-gallery/js/scripts.min.js?ver=1.5.15, line 1: TypeError: jQuery(...).hideShow is not a function
[Child 3000, Chrome_ChildThread] WARNING: pipe error: 109: file z:/build/build/src/ipc/chromium/src/chrome/common/ipc_channel_win.cc, line 332
[Child 3000, Chrome_ChildThread] WARNING: pi[Child 12076, Chrome_ChildThread] WARNING: pipe error: 109: file z:/build/build/src/ipc/chromium/src/chrome/common/ipc_channel_win.cc, line 332
[Child 120[Child 11372, Chrome_ChildThread] WARNING: pipe error: 109: file z:/build/build/src/ipc/chromium/src/chrome/common/ipc_channel_win.cc, line 332
[C1550607845110	Marionette	INFO	Stopped listening on port 51853
[GP
###!!! [Child][MessageChannel::SendAndWait] Error: Channel error: cannot send/recv

WARN	TLS certificate errors will be ignored for this session
JavaScript error: https://www.osijek.hr/arhiva-natjecaja/, line 154: SyntaxError: missing ) after argument list
JavaScript error: https://www.osijek.hr/wp-content/plugins/photo-gallery/js/scripts.min.js?ver=1.5.15, line 1: TypeError: jQuery(...).hideShow is not a function
1550607822926	Marionette	INFO	Stopped listening on port 51908
[Child 7024, Chrome_ChildThread] WARNING: pipe error: 109: file z:/build/build/src/ipc/chromium/src/chrome/common/ipc_channel_win.cc, line 332
[Child 7024, Chrome_ChildThre[Child 6288, Chrome_ChildThread] WARNING: pipe error: 109: file z:/build/build/src/ipc/chromium/src/chrome/common/ipc_channel_win.cc, line 332
[Child 6288, Chrome_[Parent 8592, Gecko_IOThread] WARNING: pipe error: 109: file z:/build/build/src/ipc/chromium/src/chrome/common/ipc_channel_win.cc, line 332
[Child 9568, Chrome_ChildThread] WARNING: pipe error: 109: file z:/build/build/src/ipc/chromium/src/chrome/common/ipc_channel_win.cc, line 332
[Child 9568, Chrom[GPU 
###!!! [Child][RunMessage] Error: Channel closing: too late to send/recv, messages will be lost


###!!! [Child][MessageChannel::SendAndWait] Error: Channel error: cannot send/recv

1550607845128	mozrunner::runner	INFO	Running command: "C:\\Program Files\\Mozilla Firefox\\firefox.exe" "-marionette" "-foreground" "-no-remote" "-profile" "C:\\Users\\Matej\\AppData\\Local\\Temp\\rust_mozprofile.ICOtjLOHBcvS"
1550607845387	addons.webextension.screenshots@mozilla.org	WARN	Loading extension 'screenshots@mozilla.org': Reading manifest: Invalid host permission: resource://pdf.js/
1550607845388	addons.webextension.screenshots@mozilla.org	WARN	Loading extension 'screenshots@mozilla.org': Reading manifest: Invalid host permission: about:reader*
1550607846252	Marionette	INFO	Listening on port 51963
1550607846737	Marionette	WARN	TLS certificate errors will be ignored for this session
JavaScript error: https://www.osijek.hr/arhiva-natjecaja/, line 154: SyntaxError: missing ) after argument list
JavaScript error: https://www.osijek.hr/wp-content/plugins/photo-gallery/js/scripts.min.js?ver=1.5.15, line 1: TypeError: jQuery(...).hideShow is not a function
1550607881973	Marionette	INFO	Stopped listening on port 51963
[Child 11424, Chrome_ChildThread] WARNING: pipe error: 109: file z:/build/build/src/ipc/chromium/src/chrome/common/ipc_channel_win.cc, line 332
[Child 11424, Chrome_ChildThread] WARNING: pipe error: 109: file z:/build/build/src/ipc/chromium/src/chrome/common/ipc_channel_win.cc, line 332
[Parent 11324, Gecko_IOThread] WARNING: pipe error: 109: file z:/build/build/src/ipc/chromium/src/chrome/common/ipc_channel_win.cc, line 332
[Child 7248, Chrome_ChildThread] WARNING: pipe error: 109: file z:/build/build/src/ipc/chromium/src/chrome/common/ipc_channel_win.cc, line 332
[Child 7248, Chrome_Chil[Parent 11324, Gecko_IOThread] WARNING: pipe error: 109: file z:/build/build/src/ipc/chromium/src/chrome/common/ipc_channel_win.cc, line 332
[Child 6108, Chrome_ChildThread] WARNING: pipe error: 109: file z:/build/build/src/ipc/chromium/src/chrome/common/ipc_channel_win.cc, line 332
[Child 6108, C
###!!! [Child][RunMessage] Error: Channel closing: too late to send/recv, messages will be lost

[
###!!! [Child][MessageChannel::SendAndWait] Error: Channel error: cannot send/recv

1550607905096	mozrunner::runner	INFO	Running command: "C:\\Program Files\\Mozilla Firefox\\firefox.exe" "-marionette" "-foreground" "-no-remote" "-profile" "C:\\Users\\Matej\\AppData\\Local\\Temp\\rust_mozprofile.75yoxy0RLTRw"
1550607905349	addons.webextension.screenshots@mozilla.org	WARN	Loading extension 'screenshots@mozilla.org': Reading manifest: Invalid host permission: resource://pdf.js/
1550607905349	addons.webextension.screenshots@mozilla.org	WARN	Loading extension 'screenshots@mozilla.org': Reading manifest: Invalid host permission: about:reader*
1550607906258	Marionette	INFO	Listening on port 52180
1550607906708	Marionette	WARN	TLS certificate errors will be ignored for this session
JavaScript error: https://www.osijek.hr/arhiva-natjecaja/, line 154: SyntaxError: missing ) after argument list
JavaScript error: https://www.osijek.hr/wp-content/plugins/photo-gallery/js/scripts.min.js?ver=1.5.15, line 1: TypeError: jQuery(...).hideShow is not a function
1550607909126	Marionette	INFO	Stopped listening on port 52180
[Child 6740, Chrome_ChildThread] WARNING: pipe error: 109: file z:/build/build/src/ipc/chromium/src/chrome/common/ipc_channel_win.cc, line 332
[Child 6740, Chrom[Child 10656, Chrome_ChildThread] WARNING: pipe error: 109: file z:/build/build/src/ipc/chromium/src/chrome/common/ipc_channel_win.cc, line 332
[Child 10656, Chr[Parent 2800, Gecko_IOThread] WARNING: pipe error: 109: file z:/build/build/src/ipc/chromium/src/chrome/common/ipc_channel_win.cc, line 332
[Child 7936, Chrome_ChildThread] WARNING: pipe error: 109: file z:/build/build/src/ipc/chromium/src/chrome/common/ipc_channel_win.cc, line 332
[Child 7936, Chrome
###!!! [Child][RunMessage] Error: Channel closing: too late to send/recv, messages will be lost


###!!! [Child][MessageChannel::SendAndWait] Error: Channel error: cannot send/recv

1550607921719	mozrunner::runner	INFO	Running command: "C:\\Program Files\\Mozilla Firefox\\firefox.exe" "-marionette" "-foreground" "-no-remote" "-profile" "C:\\Users\\Matej\\AppData\\Local\\Temp\\rust_mozprofile.sKu2koHldTWJ"
1550607921967	addons.webextension.screenshots@mozilla.org	WARN	Loading extension 'screenshots@mozilla.org': Reading manifest: Invalid host permission: resource://pdf.js/
1550607921967	addons.webextension.screenshots@mozilla.org	WARN	Loading extension 'screenshots@mozilla.org': Reading manifest: Invalid host permission: about:reader*
1550607922835	Marionette	INFO	Listening on port 52234
1550607923328	Marionette	WARN	TLS certificate errors will be ignored for this session
JavaScript error: https://www.osijek.hr/arhiva-natjecaja/, line 154: SyntaxError: missing ) after argument list
JavaScript error: https://www.osijek.hr/wp-content/plugins/photo-gallery/js/scripts.min.js?ver=1.5.15, line 1: TypeError: jQuery(...).hideShow is not a function
1550607925692	Marionette	INFO	Stopped listening on port 52234
[Child 3356, Chrome_ChildThread] WARNING: pipe error: 109: file z:/build/build/src/ipc/chromium/src/chrome/common/ipc_channel_win.cc, line 332
[Child 3356, Chrome_ChildThread] WARNING: pipe e[Parent 4824, Gecko_IOThread] WARNING: pipe error: 109: file z:/build/build/src/ipc/chromium/src/chrome/common/ipc_channel_win.cc, line 332
[Child 580, Chrome_ChildThread] WARNING: pipe error: 109: file z:/build/build/src/ipc/chromium/src/chrome/common/ipc_channel_win.cc, line 332
[Child 580, Chrome_ChildThread] WARNING[Parent 4824, Gecko_IOThread] WARNING: pipe error: 109: file z:/build/build/src/ipc/chromium/src/chrome/common/ipc_channel_win.cc, line 332
[Child 8980, Chrome_ChildThread] WARN[GPU
###!!! [Child][RunMessage] Error: Channel closing: too late to send/recv, messages will be lost

 12236, Chrome_ChildThread] WARNING: pipe error
###!!! [Child][MessageChannel::SendAndWait] Error: Channel error: cannot send/recv

1550608035218	mozrunner::runner	INFO	Running command: "C:\\Program Files\\Mozilla Firefox\\firefox.exe" "-marionette" "-foreground" "-no-remote" "-profile" "C:\\Users\\Matej\\AppData\\Local\\Temp\\rust_mozprofile.FarprBjSRyCV"
1550608035515	addons.webextension.screenshots@mozilla.org	WARN	Loading extension 'screenshots@mozilla.org': Reading manifest: Invalid host permission: resource://pdf.js/
1550608035515	addons.webextension.screenshots@mozilla.org	WARN	Loading extension 'screenshots@mozilla.org': Reading manifest: Invalid host permission: about:reader*
1550608036404	Marionette	INFO	Listening on port 52303
1550608036838	Marionette	WARN	TLS certificate errors will be ignored for this session
JavaScript error: https://www.osijek.hr/arhiva-natjecaja/, line 154: SyntaxError: missing ) after argument list
JavaScript error: https://www.osijek.hr/wp-content/plugins/photo-gallery/js/scripts.min.js?ver=1.5.15, line 1: TypeError: jQuery(...).hideShow is not a function
1550608039726	Marionette	INFO	Stopped listening on port 52303
[Child 12128, Chrome_ChildThread] WARNING: pipe error: 109: file z:/build/build/src/ipc/chromium/src/chrome/common/ipc_channel_win.cc, line 332
[Child 12128, Chrome_ChildThread] WARNING: pipe error: 109:[Child 8624, Chrome_ChildThread] WARNING: pipe error: 109: file z:/build/build/src/ipc/chromium/src/chrome/common/ipc_channel_win.cc, line 332
[Child 8624, Chrome_ChildT[Parent 4180, Gecko_IOThread] WARNING: pipe error: 109: file z:/build/build/src/ipc/chromium/src/chrome/common/ipc_channel_win.cc, line 332
[Child 11608, Chrome_ChildThread] WARNING: pipe error: 109: file z:/build/build/src/ipc/chromium/src/chrome/common/ipc_channel_win.cc, line 332
[Child 11608, Chrom[G
###!!! [Child][MessageChannel::SendAndWait] Error: Channel error: cannot send/recv

1550608065665	mozrunner::runner	INFO	Running command: "C:\\Program Files\\Mozilla Firefox\\firefox.exe" "-marionette" "-foreground" "-no-remote" "-profile" "C:\\Users\\Matej\\AppData\\Local\\Temp\\rust_mozprofile.QuPXxeLFJsmE"
1550608065931	addons.webextension.screenshots@mozilla.org	WARN	Loading extension 'screenshots@mozilla.org': Reading manifest: Invalid host permission: resource://pdf.js/
1550608065931	addons.webextension.screenshots@mozilla.org	WARN	Loading extension 'screenshots@mozilla.org': Reading manifest: Invalid host permission: about:reader*
1550608066811	Marionette	INFO	Listening on port 52357
1550608067282	Marionette	WARN	TLS certificate errors will be ignored for this session
JavaScript error: https://www.osijek.hr/arhiva-natjecaja/, line 154: SyntaxError: missing ) after argument list
JavaScript error: https://www.osijek.hr/wp-content/plugins/photo-gallery/js/scripts.min.js?ver=1.5.15, line 1: TypeError: jQuery(...).hideShow is not a function
1550608069693	Marionette	INFO	Stopped listening on port 52357
[Parent 1964, Gecko_IOThread] WARNING: pipe error: 109: file z:/build/build/src/ipc/chromium/src/chrome/common/ipc_channel_win.cc, line 332
[Child 2832, Chrome_ChildThread] WARNING: pipe error: 109: file z:/build/build/src/ipc/chromium/src/chrome/common/ipc_channel_win.cc, line 332
[Child 2832, Chrome_ChildThread] WARNING: pipe error:[Parent 1964, Gecko_IOThread] WARNING: pipe error: 109: file z:/build/build/src/ipc/chromium/src/chrome/common/ipc_channel_win.cc, line 332
[Parent 1964, Gecko_IOThread] WARNING: pipe error: 109: file z:/build/build/src/ipc/chromium/src/chrome/common/ipc_channel_win.cc, line 332
[Child 8100, Chrome_ChildThread] WARNING: pipe error: 109: file z:/build/build/src/ipc/chromium/src/chrome/common/ipc_channel_win.cc, line 332
[Child 8100, Ch[GPU 1
###!!! [Child][RunMessage] Error: Channel closing: too late to send/recv, messages will be lost

0124, 
###!!! [Child][MessageChannel::SendAndWait] Error: Channel error: cannot send/recv

1550608091675	mozrunner::runner	INFO	Running command: "C:\\Program Files\\Mozilla Firefox\\firefox.exe" "-marionette" "-foreground" "-no-remote" "-profile" "C:\\Users\\Matej\\AppData\\Local\\Temp\\rust_mozprofile.Y08jW9fTDak4"
1550608091932	addons.webextension.screenshots@mozilla.org	WARN	Loading extension 'screenshots@mozilla.org': Reading manifest: Invalid host permission: resource://pdf.js/
1550608091932	addons.webextension.screenshots@mozilla.org	WARN	Loading extension 'screenshots@mozilla.org': Reading manifest: Invalid host permission: about:reader*
1550608092783	Marionette	INFO	Listening on port 52412
1550608092789	Marionette	WARN	TLS certificate errors will be ignored for this session
JavaScript error: https://www.osijek.hr/arhiva-natjecaja/, line 154: SyntaxError: missing ) after argument list
JavaScript error: https://www.osijek.hr/wp-content/plugins/photo-gallery/js/scripts.min.js?ver=1.5.15, line 1: TypeError: jQuery(...).hideShow is not a function
1550608095252	Marionette	INFO	Stopped listening on port 52412
[Child 6168, Chrome_ChildThread] WARNING: pipe error: 109: file z:/build/build/src/ipc/chromium/src/chrome/common/ipc_channel_win.cc, line 332
[Child 6168, Chrome_ChildThread] WARNING: pipe er[Parent 5112, Gecko_IOThread] WARNING: pipe error: 109: file z:/build/build/src/ipc/chromium/src/chrome/common/ipc_channel_win.cc, line 332
[Child 6940, Chrome_ChildThread] WARNING: pipe error: 109: file z:/build/build/src/ipc/chromium/src/chrome/common/ipc_channel_win.cc, line 332
[Child 6940, Chrom
###!!! [Child][RunMessage] Error: Channel closing: too late to send/recv, messages will be lost

[GPU 4772, Chrome_Ch
###!!! [Child][MessageChannel::SendAndWait] Error: Channel error: cannot send/recv

1550608105143	mozrunner::runner	INFO	Running command: "C:\\Program Files\\Mozilla Firefox\\firefox.exe" "-marionette" "-foreground" "-no-remote" "-profile" "C:\\Users\\Matej\\AppData\\Local\\Temp\\rust_mozprofile.NtVdEVkBCh0Q"
1550608105397	addons.webextension.screenshots@mozilla.org	WARN	Loading extension 'screenshots@mozilla.org': Reading manifest: Invalid host permission: resource://pdf.js/
1550608105397	addons.webextension.screenshots@mozilla.org	WARN	Loading extension 'screenshots@mozilla.org': Reading manifest: Invalid host permission: about:reader*
1550608106288	Marionette	INFO	Listening on port 52466
1550608106757	Marionette	WARN	TLS certificate errors will be ignored for this session
JavaScript error: https://www.osijek.hr/arhiva-natjecaja/, line 154: SyntaxError: missing ) after argument list
JavaScript error: https://www.osijek.hr/wp-content/plugins/photo-gallery/js/scripts.min.js?ver=1.5.15, line 1: TypeError: jQuery(...).hideShow is not a function
1550608109157	Marionette	INFO	Stopped listening on port 52466
[Parent 4704, Gecko_IOThread] WARNING: pipe error: 109: file z:/build/build/src/ipc/chromium/src/chrome/common/ipc_channel_win.cc, line 332
[Child 2100, Chrome_ChildThread] WARNING: pipe error: 109: file z:/build/build/src/ipc/chromium/src/chrome/common/ipc_channel_win.cc, line 332
[Child 2100, [Parent 4704, Gecko_IOThread] WARNING: pipe error: 109: file z:/build/build/src/ipc/chromium/src/chrome/common/ipc_channel_win.cc, line 332
[Child 2304, Chrome_ChildThread] WARNING: pipe error: 109: file z:/build/build/src/ipc/chromium/src/chrome/common/ipc_channel_win.cc, line 332
[Child 2304, Chrome_ChildThread] WARNING: pipe error: 109: file z:/build/buil[Parent 4704, Gecko_IOThread] WARNING: pipe error: 109: file z:/build/build/src/ipc/chromium/src/chrome/common/ipc_channel_win.cc, line 332
[Child 5948, Chrome_ChildThread] WARNING: pipe error: 109: file z:/build/build/src/ipc/chromium/src/chrome/common/ipc_channel_win.cc, line 332
[Child 5948, Chro[GPU 11156, Chrome_ChildThrea
###!!! [Child][MessageChannel::SendAndWait] Error: Channel error: cannot send/recv

1550608157102	mozrunner::runner	INFO	Running command: "C:\\Program Files\\Mozilla Firefox\\firefox.exe" "-marionette" "-foreground" "-no-remote" "-profile" "C:\\Users\\Matej\\AppData\\Local\\Temp\\rust_mozprofile.FLuWjlKecDS5"
1550608157381	addons.webextension.screenshots@mozilla.org	WARN	Loading extension 'screenshots@mozilla.org': Reading manifest: Invalid host permission: resource://pdf.js/
1550608157381	addons.webextension.screenshots@mozilla.org	WARN	Loading extension 'screenshots@mozilla.org': Reading manifest: Invalid host permission: about:reader*
1550608158240	Marionette	INFO	Listening on port 52526
1550608158718	Marionette	WARN	TLS certificate errors will be ignored for this session
JavaScript error: https://www.osijek.hr/arhiva-natjecaja/, line 154: SyntaxError: missing ) after argument list
JavaScript error: https://www.osijek.hr/wp-content/plugins/photo-gallery/js/scripts.min.js?ver=1.5.15, line 1: TypeError: jQuery(...).hideShow is not a function
1550608161134	Marionette	INFO	Stopped listening on port 52526
[Parent 1008, Gecko_IOThread] WARNING: pipe error: 109: file z:/build/build/src/ipc/chromium/src/chrome/common/ipc_channel_win.cc, line 332
[Child 5032, Chrome_ChildThread] WARNING: pipe error: 109: file z:/build/build/src/ipc/chromium/src/chrome/common/ipc_channel_win.cc, line 332
[Child 5032, C[Child 5256, Chrome_ChildThread] WARNING: pipe error: 109: file z:/build/build/src/ipc/chromium/src/chrome/common/ipc_channel_win.cc, line 332
[Child 5256, Chrome_ChildThread] WARNING: pipe error: 1[Parent 1008, Gecko_IOThread] WARNING: pipe error: 109: file z:/build/build/src/ipc/chromium/src/chrome/common/ipc_channel_win.cc, line 332
[Child 11980, Chrome_ChildThread] WARNING: pipe error: 109: file z:/build/build/src/ipc/chromium/src/chrome/common/ipc_channel_win.cc, line 332
[Child 11980, Chrome_ChildThread] WARNIN[GPU 
###!!! [Child][MessageChannel::SendAndWait] Error: Channel error: cannot send/recv

1550608372138	mozrunner::runner	INFO	Running command: "C:\\Program Files\\Mozilla Firefox\\firefox.exe" "-marionette" "-foreground" "-no-remote" "-profile" "C:\\Users\\Matej\\AppData\\Local\\Temp\\rust_mozprofile.cYnAZztd7um4"
1550608372392	addons.webextension.screenshots@mozilla.org	WARN	Loading extension 'screenshots@mozilla.org': Reading manifest: Invalid host permission: resource://pdf.js/
1550608372392	addons.webextension.screenshots@mozilla.org	WARN	Loading extension 'screenshots@mozilla.org': Reading manifest: Invalid host permission: about:reader*
1550608373280	Marionette	INFO	Listening on port 52654
1550608373753	Marionette	WARN	TLS certificate errors will be ignored for this session
JavaScript error: https://www.osijek.hr/arhiva-natjecaja/, line 154: SyntaxError: missing ) after argument list
JavaScript error: https://www.osijek.hr/wp-content/plugins/photo-gallery/js/scripts.min.js?ver=1.5.15, line 1: TypeError: jQuery(...).hideShow is not a function
1550608376243	Marionette	INFO	Stopped listening on port 52654
[Parent 11608, Gecko_IOThread] WARNING: pipe error: 109: file z:/build/build/src/ipc/chromium/src/chrome/common/ipc_channel_win.cc, line 332
[Child 12040, Chrome_ChildThread] WARNING: pipe error: 109: file z:/build/build/src/ipc/chromium/src/chrome/common/ipc_channel_win.cc, line 332
[Child 12040, Chrome_[Parent 11608, Gecko_IOThread] WARNING: pipe error: 109: file z:/build/build/src/ipc/chromium/src/chrome/common/ipc_channel_win.cc, line 332
[Child 5224, Chrome_ChildThread] WARNING: pipe error: 109: file z:/build/build/src/ipc/chromium/src/chrome/common/ipc_channel_win.cc, line 332
[Child 5224, Chrome_ChildThre[Parent 11608, Gecko_IOThread] WARNING: pipe error: 109: file z:/build/build/src/ipc/chromium/src/chrome/common/ipc_channel_win.cc, line 332
[Child 384, Chrome_ChildThread] WARNING: pipe error: 109: file z:/build/build/src/ipc/chromium/src/chrome/common/ipc_channel_win.cc, line 332
[Child 384, 
###!!! [Child][MessageChannel::SendAndWait] Error: Channel error: cannot send/recv

1550608773306	mozrunner::runner	INFO	Running command: "C:\\Program Files\\Mozilla Firefox\\firefox.exe" "-marionette" "-foreground" "-no-remote" "-profile" "C:\\Users\\Matej\\AppData\\Local\\Temp\\rust_mozprofile.IPKe59qHQYcE"
1550608773559	addons.webextension.screenshots@mozilla.org	WARN	Loading extension 'screenshots@mozilla.org': Reading manifest: Invalid host permission: resource://pdf.js/
1550608773560	addons.webextension.screenshots@mozilla.org	WARN	Loading extension 'screenshots@mozilla.org': Reading manifest: Invalid host permission: about:reader*
1550608774476	Marionette	INFO	Listening on port 52833
1550608774915	Marionette	WARN	TLS certificate errors will be ignored for this session
JavaScript error: https://www.osijek.hr/arhiva-natjecaja/, line 154: SyntaxError: missing ) after argument list
JavaScript error: https://www.osijek.hr/wp-content/plugins/photo-gallery/js/scripts.min.js?ver=1.5.15, line 1: TypeError: jQuery(...).hideShow is not a function
1550608777454	Marionette	INFO	Stopped listening on port 52833
[Child 10716, Chrome_ChildThread] WARNING: pipe error: 109: file z:/build/build/src/ipc/chromium/src/chrome/common/ipc_channel_win.cc, line 332
[Child 10716, Chrome_ChildThread[Child 8368, Chrome_ChildThread] WARNING: pipe error: 109: file z:/build/build/src/ipc/chromium/src/chrome/common/ipc_channel_win.cc, line 332
[Child 8368, Chrome_ChildThread] WARNIN[Parent 4284, Gecko_IOThread] WARNING: pipe error: 109: file z:/build/build/src/ipc/chromium/src/chrome/common/ipc_channel_win.cc, line 332
[Child 7328, Chrome_ChildThread] WARNING: pipe error: 109: file z:/build/build/src/ipc/chromium/src/chrome/common/ipc_channel_win.cc, line 332
[Child 7328, Chrome[G
###!!! [Child][MessageChannel::SendAndWait] Error: Channel error: cannot send/recv

1550608806254	mozrunner::runner	INFO	Running command: "C:\\Program Files\\Mozilla Firefox\\firefox.exe" "-marionette" "-foreground" "-no-remote" "-profile" "C:\\Users\\Matej\\AppData\\Local\\Temp\\rust_mozprofile.4l6Kw6uKYQDN"
1550608806522	addons.webextension.screenshots@mozilla.org	WARN	Loading extension 'screenshots@mozilla.org': Reading manifest: Invalid host permission: resource://pdf.js/
1550608806522	addons.webextension.screenshots@mozilla.org	WARN	Loading extension 'screenshots@mozilla.org': Reading manifest: Invalid host permission: about:reader*
1550608807352	Marionette	INFO	Listening on port 52904
1550608807374	Marionette	WARN	TLS certificate errors will be ignored for this session
JavaScript error: https://www.osijek.hr/arhiva-natjecaja/, line 154: SyntaxError: missing ) after argument list
JavaScript error: https://www.osijek.hr/wp-content/plugins/photo-gallery/js/scripts.min.js?ver=1.5.15, line 1: TypeError: jQuery(...).hideShow is not a function
1550608809875	Marionette	INFO	Stopped listening on port 52904
[Parent 1572, Gecko_IOThread] WARNING: pipe error: 109: file z:/build/build/src/ipc/chromium/src/chrome/common/ipc_channel_win.cc, line 332
[Parent 1572, Gecko_IOThread] WARNING: pipe error: 109: file z:/build/build/src/ipc/chromium/src/chrome/common/ipc_channel_win.cc, line 332
[Child 11576, Chrome_ChildThread] WARNING: pipe error: 109: file z:/build/build/src/ipc/chromium/src/chrome/common/ipc_channel_win.cc, line 332
[Child 11576, Ch[GPU
###!!! [Child][RunMessage] Error: Channel closing: too late to send/recv, messages will be lost


###!!! [Child][MessageChannel::SendAndWait] Error: Channel error: cannot send/recv

1550608860794	mozrunner::runner	INFO	Running command: "C:\\Program Files\\Mozilla Firefox\\firefox.exe" "-marionette" "-foreground" "-no-remote" "-profile" "C:\\Users\\Matej\\AppData\\Local\\Temp\\rust_mozprofile.Vzd2e0TKotCH"
1550608861048	addons.webextension.screenshots@mozilla.org	WARN	Loading extension 'screenshots@mozilla.org': Reading manifest: Invalid host permission: resource://pdf.js/
1550608861048	addons.webextension.screenshots@mozilla.org	WARN	Loading extension 'screenshots@mozilla.org': Reading manifest: Invalid host permission: about:reader*
1550608861895	Marionette	INFO	Listening on port 52972
1550608861907	Marionette	WARN	TLS certificate errors will be ignored for this session
JavaScript error: https://www.osijek.hr/arhiva-natjecaja/, line 154: SyntaxError: missing ) after argument list
JavaScript error: https://www.osijek.hr/wp-content/plugins/photo-gallery/js/scripts.min.js?ver=1.5.15, line 1: TypeError: jQuery(...).hideShow is not a function
1550608864453	Marionette	INFO	Stopped listening on port 52972
[Child 2660, Chrome_ChildThread] WARNING: pipe error: 109: file z:/build/build/src/ipc/chromium/src/chrome/common/ipc_channel_win.cc, line 332
[Child 2660, Chrome_ChildThread] WARN[Parent 2288, Gecko_IOThread] WARNING: pipe error: 109: file z:/build/build/src/ipc/chromium/src/chrome/common/ipc_channel_win.cc, line 332
[Child 6540, Chrome_ChildThread] WARNING: pipe error: 109: file z:/build/build/src/ipc/chromium/src/chrome/common/ipc_channel_win.cc, line 332
[Child 6540, Chrome_Chi[Parent 2288, Gecko_IOThread] WARNING: pipe error: 109: file z:/build/build/src/ipc/chromium/src/chrome/common/ipc_channel_win.cc, line 332
[Child 6100, Chrome_ChildThread] WARNING: pipe error: 109: file z:/build/build/src/ipc/chromium/src/chrome/common/ipc_channel_win.cc, line 332
[Child 6100, Chro[GPU 5392, Chrome_ChildThr
###!!! [Child][RunMessage] Error: Channel closing: too late to send/recv, messages will be lost


###!!! [Child][MessageChannel::SendAndWait] Error: Channel error: cannot send/recv

1550608962157	mozrunner::runner	INFO	Running command: "C:\\Program Files\\Mozilla Firefox\\firefox.exe" "-marionette" "-foreground" "-no-remote" "-profile" "C:\\Users\\Matej\\AppData\\Local\\Temp\\rust_mozprofile.HaoblJauTFUm"
1550608962404	addons.webextension.screenshots@mozilla.org	WARN	Loading extension 'screenshots@mozilla.org': Reading manifest: Invalid host permission: resource://pdf.js/
1550608962405	addons.webextension.screenshots@mozilla.org	WARN	Loading extension 'screenshots@mozilla.org': Reading manifest: Invalid host permission: about:reader*
1550608963275	Marionette	INFO	Listening on port 53030
1550608963766	Marionette	WARN	TLS certificate errors will be ignored for this session
JavaScript error: https://www.osijek.hr/arhiva-natjecaja/, line 154: SyntaxError: missing ) after argument list
JavaScript error: https://www.osijek.hr/wp-content/plugins/photo-gallery/js/scripts.min.js?ver=1.5.15, line 1: TypeError: jQuery(...).hideShow is not a function
1550608966175	Marionette	INFO	Stopped listening on port 53030
[Parent 1928, Gecko_IOThread] WARNING: pipe error: 109: file z:/build/build/src/ipc/chromium/src/chrome/common/ipc_channel_win.cc, line 332
[Child 9124, Chrome_ChildThread] WARNING: pipe error: 109: file z:/build/build/src/ipc/chromium/src/chrome/common/ipc_channel_win.cc, line 332
[Child 9124, Chrome_Child[Parent 1928, Gecko_IOThread] WARNING: pipe error: 109: file z:/build/build/src/ipc/chromium/src/chrome/common/ipc_channel_win.cc, line 332
[Child 11572, Chrome_ChildThread] WARNING: pipe error: 109: file z:/build/build/src/ipc/chromium/src/chrome/common/ipc_channel_win.cc, line 332
[Child 11572, Chrome_ChildThread] WARNI[Child 4252, Chrome_ChildThread] WARNING: pipe error: 109: file z:/build/build/src/ipc/chromium/src/chrome/common/ipc_channel_win.cc, line 332
[Child 4252, Chrome_ChildThread] WA
###!!! [Child][RunMessage] Error: Channel closing: too late to send/recv, messages will be lost

[GPU 1572, Chrome
###!!! [Child][MessageChannel::SendAndWait] Error: Channel error: cannot send/recv

1550609056705	mozrunner::runner	INFO	Running command: "C:\\Program Files\\Mozilla Firefox\\firefox.exe" "-marionette" "-foreground" "-no-remote" "-profile" "C:\\Users\\Matej\\AppData\\Local\\Temp\\rust_mozprofile.RWbyG2ly45sI"
1550609056954	addons.webextension.screenshots@mozilla.org	WARN	Loading extension 'screenshots@mozilla.org': Reading manifest: Invalid host permission: resource://pdf.js/
1550609056954	addons.webextension.screenshots@mozilla.org	WARN	Loading extension 'screenshots@mozilla.org': Reading manifest: Invalid host permission: about:reader*
1550609057777	Marionette	INFO	Listening on port 53095
1550609057822	Marionette	WARN	TLS certificate errors will be ignored for this session
JavaScript error: https://www.osijek.hr/arhiva-natjecaja/, line 154: SyntaxError: missing ) after argument list
JavaScript error: https://www.osijek.hr/wp-content/plugins/photo-gallery/js/scripts.min.js?ver=1.5.15, line 1: TypeError: jQuery(...).hideShow is not a function
1550609060007	Marionette	INFO	Stopped listening on port 53095
JavaScript error: jar:file:///C:/Program%20Files/Mozilla%20Firefox/omni.ja!/components/nsUrlClassifierListManager.js, line 597: TypeError: this.tablesData[table] is undefined
[Parent 12172, Gecko_IOThread] WARNING: pipe error: 109: file z:/build/build/src/ipc/chromium/src/chrome/common/ipc_channel_win.cc, line 332
[Child 7160, Chrome_ChildThread] WARNING: pipe error: 109: file z:/build/build/src/ipc/chromium/src/chrome/common/ipc_channel_win.cc, line 332
[Child 7160, Chrom[Parent 12172, Gecko_IOThread] WARNING: pipe error: 109: file z:/build/build/src/ipc/chromium/src/chrome/common/ipc_channel_win.cc, line 332
[Child 5296, Chrome_ChildThread] WARNING: pipe error: 109: file z:/build/build/src/ipc/chromium/src/chrome/common/ipc_channel_win.cc, line 332
[Child 5296, Chr[GP
###!!! [Child][RunMessage] Error: Channel closing: too late to send/recv, messages will be lost

U 5648, Chrome
###!!! [Child][MessageChannel::SendAndWait] Error: Channel error: cannot send/recv

1550613335340	mozrunner::runner	INFO	Running command: "C:\\Program Files\\Mozilla Firefox\\firefox.exe" "-marionette" "-foreground" "-no-remote" "-profile" "C:\\Users\\Matej\\AppData\\Local\\Temp\\rust_mozprofile.Vvb29HMVR6kG"
1550613335598	addons.webextension.screenshots@mozilla.org	WARN	Loading extension 'screenshots@mozilla.org': Reading manifest: Invalid host permission: resource://pdf.js/
1550613335598	addons.webextension.screenshots@mozilla.org	WARN	Loading extension 'screenshots@mozilla.org': Reading manifest: Invalid host permission: about:reader*
1550613336469	Marionette	INFO	Listening on port 56121
1550613336953	Marionette	WARN	TLS certificate errors will be ignored for this session
JavaScript error: https://www.osijek.hr/arhiva-natjecaja/, line 154: SyntaxError: missing ) after argument list
JavaScript error: https://www.osijek.hr/wp-content/plugins/photo-gallery/js/scripts.min.js?ver=1.5.15, line 1: TypeError: jQuery(...).hideShow is not a function
1550613339192	Marionette	INFO	Stopped listening on port 56121
[Child 4380, Chrome_ChildThread] WARNING: pipe error: 109: file z:/build/build/src/ipc/chromium/src/chrome/common/ipc_channel_win.cc, line 332
[Child 4380, Chrome_ChildThread] WARNING: pipe error: 109: file z:/build/build/src/ipc/chromium/src/chrome/common/ipc_channel_win.cc, line 332
[Parent 11664, Gecko_IOThread] WARNING: pipe error: 109: file z:/build/build/src/ipc/chromium/src/chrome/common/ipc_channel_win.cc, line 332
[Parent 11664, Gecko_IOThread] WARNING: pipe error: 109: file z:/build/build/src/ipc/chromium/src/chrome/common/ipc_channel_win.cc, line 332
[Child 1112, Chrome_ChildThread] WARNING: pipe error: 109: file z:/build/build/src/ipc/chromium/src/chrome/common/ipc_channel_win.cc, line 332
[Child 1112, Chrome_ChildThread] WARNING: pipe 
###!!! [Child][MessageChannel::SendAndWait] Error: Channel error: cannot send/recv

1550613425247	mozrunner::runner	INFO	Running command: "C:\\Program Files\\Mozilla Firefox\\firefox.exe" "-marionette" "-foreground" "-no-remote" "-profile" "C:\\Users\\Matej\\AppData\\Local\\Temp\\rust_mozprofile.d16W2RTckldb"
1550613425498	addons.webextension.screenshots@mozilla.org	WARN	Loading extension 'screenshots@mozilla.org': Reading manifest: Invalid host permission: resource://pdf.js/
1550613425498	addons.webextension.screenshots@mozilla.org	WARN	Loading extension 'screenshots@mozilla.org': Reading manifest: Invalid host permission: about:reader*
1550613426399	Marionette	INFO	Listening on port 56253
1550613426857	Marionette	WARN	TLS certificate errors will be ignored for this session
JavaScript error: https://www.osijek.hr/arhiva-natjecaja/, line 154: SyntaxError: missing ) after argument list
JavaScript error: https://www.osijek.hr/wp-content/plugins/photo-gallery/js/scripts.min.js?ver=1.5.15, line 1: TypeError: jQuery(...).hideShow is not a function
1550613429181	Marionette	INFO	Stopped listening on port 56253
[Child 11432, Chrome_ChildThread] WARNING: pipe error: 109: file z:/build/build/src/ipc/chromium/src/chrome/common/ipc_channel_win.cc, line 332
[Child 11432, Chrome_ChildThread] WARNING: pipe error: 109: file z:/b[Parent 940, Gecko_IOThread] WARNING: pipe error: 109: file z:/build/build/src/ipc/chromium/src/chrome/common/ipc_channel_win.cc, line 332
[Child 7276, Chrome_ChildThread] WARNING: pipe error: 109: file z:/build/build/src/ipc/chromium/src/chrome/common/ipc_channel_win.cc, line 332
[Child 7276, Chrome_Child[Parent 940, Gecko_IOThread] WARNING: pipe error: 109: file z:/build/build/src/ipc/chromium/src/chrome/common/ipc_channel_win.cc, line 332
[Child 11000, Chrome_ChildThread] WARNING: pipe error: 109: file z:/build/build/src/ipc/chromium/src/chrome/common/ipc_channel_win.cc, line 332
[Child 11000, Chrome_ChildThread] WARNING: p[
###!!! [Child][MessageChannel::SendAndWait] Error: Channel error: cannot send/recv

1550613460162	mozrunner::runner	INFO	Running command: "C:\\Program Files\\Mozilla Firefox\\firefox.exe" "-marionette" "-foreground" "-no-remote" "-profile" "C:\\Users\\Matej\\AppData\\Local\\Temp\\rust_mozprofile.lU0y3KfWPQRl"
1550613460422	addons.webextension.screenshots@mozilla.org	WARN	Loading extension 'screenshots@mozilla.org': Reading manifest: Invalid host permission: resource://pdf.js/
1550613460423	addons.webextension.screenshots@mozilla.org	WARN	Loading extension 'screenshots@mozilla.org': Reading manifest: Invalid host permission: about:reader*
1550613461290	Marionette	INFO	Listening on port 56324
1550613461773	Marionette	WARN	TLS certificate errors will be ignored for this session
JavaScript error: https://www.osijek.hr/arhiva-natjecaja/, line 154: SyntaxError: missing ) after argument list
JavaScript error: https://www.osijek.hr/wp-content/plugins/photo-gallery/js/scripts.min.js?ver=1.5.15, line 1: TypeError: jQuery(...).hideShow is not a function
1550613464119	Marionette	INFO	Stopped listening on port 56324
[Parent 1616, Gecko_IOThread] WARNING: pipe error: 109: file z:/build/build/src/ipc/chromium/src/chrome/common/ipc_channel_win.cc, line 332
[Child 11748, Chrome_ChildThread] WARNING: pipe error: 109: file z:/build/build/src/ipc/chromium/src/chrome/common/ipc_channel_win.cc, line 332
[Child 11748, Chrome_Chi[Parent 1616, Gecko_IOThread] WARNING: pipe error: 109: file z:/build/build/src/ipc/chromium/src/chrome/common/ipc_channel_win.cc, line 332
[Child 11960, Chrome_ChildThread] WARNING: pipe error: 109: file z:/build/build/src/ipc/chromium/src/chrome/common/ipc_channel_win.cc, line 332
[Child 11960, Chrome_ChildThr[GPU
###!!! [Child][MessageChannel::SendAndWait] Error: Channel error: cannot send/recv

1550613479456	mozrunner::runner	INFO	Running command: "C:\\Program Files\\Mozilla Firefox\\firefox.exe" "-marionette" "-foreground" "-no-remote" "-profile" "C:\\Users\\Matej\\AppData\\Local\\Temp\\rust_mozprofile.4txqyehxpDbB"
1550613479712	addons.webextension.screenshots@mozilla.org	WARN	Loading extension 'screenshots@mozilla.org': Reading manifest: Invalid host permission: resource://pdf.js/
1550613479712	addons.webextension.screenshots@mozilla.org	WARN	Loading extension 'screenshots@mozilla.org': Reading manifest: Invalid host permission: about:reader*
1550613480567	Marionette	INFO	Listening on port 56383
1550613481067	Marionette	WARN	TLS certificate errors will be ignored for this session
JavaScript error: https://www.osijek.hr/arhiva-natjecaja/, line 154: SyntaxError: missing ) after argument list
JavaScript error: https://www.osijek.hr/wp-content/plugins/photo-gallery/js/scripts.min.js?ver=1.5.15, line 1: TypeError: jQuery(...).hideShow is not a function
1550613483370	Marionette	INFO	Stopped listening on port 56383
[Child 5344, Chrome_ChildThread] WARNING: pipe error: 109: file z:/build/build/src/ipc/chromium/src/chrome/common/ipc_channel_win.cc, line 332
[Child 5344, [Child 12152, Chrome_ChildThread] WARNING: pipe error: 109: file z:/build/build/src/ipc/chromium/src/chrome/common/ipc_channel_win.cc, line 332
[Child 12152, Chrome_ChildThread] WARNING: pipe error: 109: file[Parent 7460, Gecko_IOThread] WARNING: pipe error: 109: file z:/build/build/src/ipc/chromium/src/chrome/common/ipc_channel_win.cc, line 332
[Child 7924, Chrome_ChildThread] WARNING: pipe error: 109: file z:/build/build/src/ipc/chromium/src/chrome/common/ipc_channel_win.cc, line 332
[Child 7924, Chr[GPU 9344, Chrome_
###!!! [Child][MessageChannel::SendAndWait] Error: Channel error: cannot send/recv

1550613518970	mozrunner::runner	INFO	Running command: "C:\\Program Files\\Mozilla Firefox\\firefox.exe" "-marionette" "-foreground" "-no-remote" "-profile" "C:\\Users\\Matej\\AppData\\Local\\Temp\\rust_mozprofile.47Atnbm2slWW"
1550613519231	addons.webextension.screenshots@mozilla.org	WARN	Loading extension 'screenshots@mozilla.org': Reading manifest: Invalid host permission: resource://pdf.js/
1550613519231	addons.webextension.screenshots@mozilla.org	WARN	Loading extension 'screenshots@mozilla.org': Reading manifest: Invalid host permission: about:reader*
1550613520092	Marionette	INFO	Listening on port 56456
1550613520581	Marionette	WARN	TLS certificate errors will be ignored for this session
JavaScript error: https://www.osijek.hr/arhiva-natjecaja/, line 154: SyntaxError: missing ) after argument list
JavaScript error: https://www.osijek.hr/wp-content/plugins/photo-gallery/js/scripts.min.js?ver=1.5.15, line 1: TypeError: jQuery(...).hideShow is not a function
1550613522954	Marionette	INFO	Stopped listening on port 56456
[Parent 11940, Gecko_IOThread] WARNING: pipe error: 109: file z:/build/build/src/ipc/chromium/src/chrome/common/ipc_channel_win.cc, line 332
[Child 10092, Chrome_ChildThread] WARNING: pipe error: 109: file z:/build/build/src/ipc/chromium/src/chrome/common/ipc_channel_win.cc, line 332
[Child 10092, Chrome_ChildThread] WARNING: pipe error: 109: file z:/build/build/src/ipc/chromium/src/chrome/common/ipc_channel_win.cc, line 332
[Child 10420, Chrome_ChildThread] WARNING: pipe error: 109: file z:/build/build/src/ipc/chromium/src/chrome/common/ipc_channel_win.cc, line 332
[Child 10420, Chr[Parent 11940, Gecko_IOThread] WARNING: pipe error: 109: file z:/build/build/src/ipc/chromium/src/chrome/common/ipc_channel_win.cc, line 332
[Child 6324, Chrome_ChildThread] WARNING: pipe error: 109: file z:/build/build/src/ipc/chromium/src/chrome/common/ipc_channel_win.cc, line 332
[Child 6324, Chrome_ChildThread] WARNING: pipe error: 109: file[GPU 11080, Chrom
###!!! [Child][RunMessage] Error: Channel closing: too late to send/recv, messages will be lost


###!!! [Child][MessageChannel::SendAndWait] Error: Channel error: cannot send/recv

1550613575536	mozrunner::runner	INFO	Running command: "C:\\Program Files\\Mozilla Firefox\\firefox.exe" "-marionette" "-foreground" "-no-remote" "-profile" "C:\\Users\\Matej\\AppData\\Local\\Temp\\rust_mozprofile.JQbFOG9c7KAz"
1550613575783	addons.webextension.screenshots@mozilla.org	WARN	Loading extension 'screenshots@mozilla.org': Reading manifest: Invalid host permission: resource://pdf.js/
1550613575783	addons.webextension.screenshots@mozilla.org	WARN	Loading extension 'screenshots@mozilla.org': Reading manifest: Invalid host permission: about:reader*
1550613576644	Marionette	INFO	Listening on port 56549
1550613577151	Marionette	WARN	TLS certificate errors will be ignored for this session
JavaScript error: https://www.osijek.hr/arhiva-natjecaja/, line 154: SyntaxError: missing ) after argument list
JavaScript error: https://www.osijek.hr/wp-content/plugins/photo-gallery/js/scripts.min.js?ver=1.5.15, line 1: TypeError: jQuery(...).hideShow is not a function
1550613579382	Marionette	INFO	Stopped listening on port 56549
[Parent 11100, Gecko_IOThread] WARNING: pipe error: 109: file z:/build/build/src/ipc/chromium/src/chrome/common/ipc_channel_win.cc, line 332
[Child 4400, Chrome_ChildThread] WARNING: pipe error: 109: file z:/build/build/src/ipc/chromium/src/chrome/common/ipc_channel_win.cc, line 332
[Child 2760, Chrome_ChildThread] WARNING: pipe error: 109: file z:/build/build/src/ipc/chromium/src/chrome/common/ipc_channel_win.cc, line 332
[Child 2760, Chrome_ChildThread] WAR[Parent 11100, Gecko_IOThread] WARNING: pipe error: 109: file z:/build/build/src/ipc/chromium/src/chrome/common/ipc_channel_win.cc, line 332
[Child 896, Chrome_ChildThread] WARNING: pipe error: 109: file z:/build/build/src/ipc/chromium/src/chrome/common/ipc_channel_win.cc, line 332
[Child 896, Chrome_ChildThread] W[GPU 6
###!!! [Child][RunMessage] Error: Channel closing: too late to send/recv, messages will be lost

72,
###!!! [Child][MessageChannel::SendAndWait] Error: Channel error: cannot send/recv

1550613621309	mozrunner::runner	INFO	Running command: "C:\\Program Files\\Mozilla Firefox\\firefox.exe" "-marionette" "-foreground" "-no-remote" "-profile" "C:\\Users\\Matej\\AppData\\Local\\Temp\\rust_mozprofile.ts10V0hABUrQ"
1550613621562	addons.webextension.screenshots@mozilla.org	WARN	Loading extension 'screenshots@mozilla.org': Reading manifest: Invalid host permission: resource://pdf.js/
1550613621563	addons.webextension.screenshots@mozilla.org	WARN	Loading extension 'screenshots@mozilla.org': Reading manifest: Invalid host permission: about:reader*
1550613622504	Marionette	INFO	Listening on port 56631
1550613622925	Marionette	WARN	TLS certificate errors will be ignored for this session
JavaScript error: https://www.osijek.hr/arhiva-natjecaja/, line 154: SyntaxError: missing ) after argument list
JavaScript error: https://www.osijek.hr/wp-content/plugins/photo-gallery/js/scripts.min.js?ver=1.5.15, line 1: TypeError: jQuery(...).hideShow is not a function
1550613625330	Marionette	INFO	Stopped listening on port 56631
[Parent 7504, Gecko_IOThread] WARNING: pipe error: 109: file z:/build/build/src/ipc/chromium/src/chrome/common/ipc_channel_win.cc, line 332
[Child 7136, Chrome_ChildThread] WARNING: pipe error: 109: file z:/build/build/src/ipc/chromium/src/chrome/common/ipc_channel_win.cc, line 332
[Child 7136, Chrome_ChildThread] [Child 6252, Chrome_ChildThread] WARNING: pipe error: 109: file z:/build/build/src/ipc/chromium/src/chrome/common/ipc_channel_win.cc, line 332
[Child 6252, Chrome_[Parent 7504, Gecko_IOThread] WARNING: pipe error: 109: file z:/build/build/src/ipc/chromium/src/chrome/common/ipc_channel_win.cc, line 332
[Child 5800, Chrome_ChildThread] WARNING: pipe error: 109: file z:/build/build/src/ipc/chromium/src/chrome/common/ipc_channel_win.cc, line 332
[Child 5800, Chro
###!!! [Child][RunMessage] Error: Channel closing: too late to send/recv, messages will be lost

[
###!!! [Child][MessageChannel::SendAndWait] Error: Channel error: cannot send/recv

1550613642939	mozrunner::runner	INFO	Running command: "C:\\Program Files\\Mozilla Firefox\\firefox.exe" "-marionette" "-foreground" "-no-remote" "-profile" "C:\\Users\\Matej\\AppData\\Local\\Temp\\rust_mozprofile.wymbdl3aNriA"
1550613643194	addons.webextension.screenshots@mozilla.org	WARN	Loading extension 'screenshots@mozilla.org': Reading manifest: Invalid host permission: resource://pdf.js/
1550613643194	addons.webextension.screenshots@mozilla.org	WARN	Loading extension 'screenshots@mozilla.org': Reading manifest: Invalid host permission: about:reader*
1550613644076	Marionette	INFO	Listening on port 56693
1550613644552	Marionette	WARN	TLS certificate errors will be ignored for this session
JavaScript error: https://www.osijek.hr/arhiva-natjecaja/, line 154: SyntaxError: missing ) after argument list
JavaScript error: https://www.osijek.hr/wp-content/plugins/photo-gallery/js/scripts.min.js?ver=1.5.15, line 1: TypeError: jQuery(...).hideShow is not a function
1550613646785	Marionette	INFO	Stopped listening on port 56693
[Child 2304, Chrome_ChildThread] WARNING: pipe error: 109: file z:/build/build/src/ipc/chromium/src/chrome/common/ipc_channel_win.cc, line 332
[Child 2304, Chr[Parent 1836, Gecko_IOThread] WARNING: pipe error: 109: file z:/build/build/src/ipc/chromium/src/chrome/common/ipc_channel_win.cc, line 332
[Child 3212, Chrome_ChildThread] WARNING: pipe error: 109: file z:/build/build/src/ipc/chromium/src/chrome/common/ipc_channel_win.cc, line 332
[Child 3212, Chrome_ChildThread] WARNING: pipe erro[Parent 1836, Gecko_IOThread] WARNING: pipe error: 109: file z:/build/build/src/ipc/chromium/src/chrome/common/ipc_channel_win.cc, line 332
[Child 9788, Chrome_ChildThread] WARNING: pipe error: 109: file z:/build/build/src/ipc/chromium/src/chrome/common/ipc_channel_win.cc, line 332
[Child 9788, Chrome_ChildThread] WARNI[GPU 3000
###!!! [Child][RunMessage] Error: Channel closing: too late to send/recv, messages will be lost

, Chrome_C
###!!! [Child][MessageChannel::SendAndWait] Error: Channel error: cannot send/recv

1550613689502	mozrunner::runner	INFO	Running command: "C:\\Program Files\\Mozilla Firefox\\firefox.exe" "-marionette" "-foreground" "-no-remote" "-profile" "C:\\Users\\Matej\\AppData\\Local\\Temp\\rust_mozprofile.23UitrrpwGCO"
1550613689748	addons.webextension.screenshots@mozilla.org	WARN	Loading extension 'screenshots@mozilla.org': Reading manifest: Invalid host permission: resource://pdf.js/
1550613689748	addons.webextension.screenshots@mozilla.org	WARN	Loading extension 'screenshots@mozilla.org': Reading manifest: Invalid host permission: about:reader*
1550613690607	Marionette	INFO	Listening on port 56816
1550613690611	Marionette	WARN	TLS certificate errors will be ignored for this session
JavaScript error: https://www.osijek.hr/arhiva-natjecaja/, line 154: SyntaxError: missing ) after argument list
JavaScript error: https://www.osijek.hr/wp-content/plugins/photo-gallery/js/scripts.min.js?ver=1.5.15, line 1: TypeError: jQuery(...).hideShow is not a function
1550613692873	Marionette	INFO	Stopped listening on port 56816
JavaScript error: jar:file:///C:/Program%20Files/Mozilla%20Firefox/omni.ja!/components/nsUrlClassifierListManager.js, line 597: TypeError: this.tablesData[table] is undefined
[Child 564, Chrome_ChildThread] WARNING: pipe error: 109: file z:/build/build/src/ipc/chromium/src/chrome/common/ipc_channel_win.cc, line 332
[Child 564, Chrome_ChildThread] WARNING: pipe error: 109: file z:/build/build/src/ipc/[Parent 11648, Gecko_IOThread] WARNING: pipe error: 109: file z:/build/build/src/ipc/chromium/src/chrome/common/ipc_channel_win.cc, line 332
[Child 3872, Chrome_ChildThread] WARNING: pipe error: 109: file z:/build/build/src/ipc/chromium/src/chrome/common/ipc_channel_win.cc, line 332
[Child 3872, Chrome_ChildThread] WARNIN[Parent 11648, Gecko_IOThread] WARNING: pipe error: 109: file z:/build/build/src/ipc/chromium/src/chrome/common/ipc_channel_win.cc, line 332
[Child 5164, Chrome_ChildThread] WARNING: pipe error: 109: file z:/build/build/src/ipc/chromium/src/chrome/common/ipc_channel_win.cc, line 332
[Child 5164, Chrome_ChildThrea
###!!! [Child][RunMessage] Error: Channel closing: too late to send/recv, messages will be lost

[
###!!! [Child][MessageChannel::SendAndWait] Error: Channel error: cannot send/recv

1550613728260	mozrunner::runner	INFO	Running command: "C:\\Program Files\\Mozilla Firefox\\firefox.exe" "-marionette" "-foreground" "-no-remote" "-profile" "C:\\Users\\Matej\\AppData\\Local\\Temp\\rust_mozprofile.8qnYMyxKTcd1"
1550613728526	addons.webextension.screenshots@mozilla.org	WARN	Loading extension 'screenshots@mozilla.org': Reading manifest: Invalid host permission: resource://pdf.js/
1550613728526	addons.webextension.screenshots@mozilla.org	WARN	Loading extension 'screenshots@mozilla.org': Reading manifest: Invalid host permission: about:reader*
1550613729413	Marionette	INFO	Listening on port 56902
1550613729875	Marionette	WARN	TLS certificate errors will be ignored for this session
JavaScript warning: http://ajax.googleapis.com/ajax/libs/jquery/1.10.2/jquery.min.js, line 1: Using //@ to indicate sourceMappingURL pragmas is deprecated. Use //# instead
1550613735444	Marionette	INFO	Stopped listening on port 56902
[Child 12228, Chrome_ChildThread] WARNING: pipe error: 109: file z:/build/build/src/ipc/chromium/src/chrome/common/ipc_channel_win.cc, line 332
[Child 12228, C[Child 5696, Chrome_ChildThread] WARNING: pipe error: 109: file z:/build/build/src/ipc/chromium/src/chrome/common/ipc_channel_win.cc, line 332
[Child 5696, Chrome_ChildThread] WARNING: pipe[Parent 9424, Gecko_IOThread] WARNING: pipe error: 109: file z:/build/build/src/ipc/chromium/src/chrome/common/ipc_channel_win.cc, line 332
[Child 696, Chrome_ChildThread] WARNING: pipe error: 109: file z:/build/build/src/ipc/chromium/src/chrome/common/ipc_channel_win.cc, line 332
[Child 696, Chrome_ChildThread] WARNING: pipe error: 109: file z:/bu
###!!! [Child][RunMessage] Error: Channel closing: too late to send/recv, messages will be lost

[GPU 9112, Chrome_Chi
###!!! [Child][MessageChannel::SendAndWait] Error: Channel error: cannot send/recv

1550613744590	mozrunner::runner	INFO	Running command: "C:\\Program Files\\Mozilla Firefox\\firefox.exe" "-marionette" "-foreground" "-no-remote" "-profile" "C:\\Users\\Matej\\AppData\\Local\\Temp\\rust_mozprofile.2NmmxUiHMKXs"
1550613744839	addons.webextension.screenshots@mozilla.org	WARN	Loading extension 'screenshots@mozilla.org': Reading manifest: Invalid host permission: resource://pdf.js/
1550613744839	addons.webextension.screenshots@mozilla.org	WARN	Loading extension 'screenshots@mozilla.org': Reading manifest: Invalid host permission: about:reader*
1550613745702	Marionette	INFO	Listening on port 56975
1550613746200	Marionette	WARN	TLS certificate errors will be ignored for this session
JavaScript warning: http://ajax.googleapis.com/ajax/libs/jquery/1.10.2/jquery.min.js, line 1: Using //@ to indicate sourceMappingURL pragmas is deprecated. Use //# instead

###!!! [Child][MessageChannel] Error: (msgtype=0x5F0029,name=PNecko::Msg_RemoveRequestContext) Channel closing: too late to send/recv, messages will be lost

[Child 4780, Chrome_ChildThread] WARNING: pipe error: 232: file z:/build/build/src/ipc/chromium/src/chrome/common/ipc_channel_win.cc, line 493
[Child 4780, Chrome_ChildThread] WARNING:[Child 3212, Chrome_ChildThread] WARNING: pipe error: 109: file z:/build/build/src/ipc/chromium/src/chrome/common/ipc_channel_win.cc, line 332
[Child 3212, Chrome_ChildThread] [Parent 11036, Gecko_IOThread] WARNING: pipe error: 109: file z:/build/build/src/ipc/chromium/src/chrome/common/ipc_channel_win.cc, line 332
[Child 5812, Chrome_ChildThread] WARNING: pipe error: 109: file z:/build/build/src/ipc/chromium/src/chrome/common/ipc_channel_win.cc, line 332
[Child 5812, Chrome_ChildThr1550613951296	Marionette	INFO	Stopped lis[Child 11672, Chrome_ChildThread] WARNING: pipe error: 109: file z:/build/build/src/ipc/chromium/src/chrome/common/ipc_channel_win.cc, line 332
[Child 11672, Chrome_ChildThread] WARNING[Child 10152, Chrome_ChildThread] WARNING: pipe error: 109: file z:/build/build/src/ipc/chromium/src/chrome/common/ipc_channel_win.cc, line 332
[Child 10152, Chrome_ChildThread] WARNING: pipe error: [Parent 4424, Gecko_IOThread] WARNING: pipe error: 109: file z:/build/build/src/ipc/chromium/src/chrome/common/ipc_channel_win.cc, line 332
[Child 3444, Chrome_ChildThread] WARNING: pipe error: 109: file z:/build/build/src/ipc/chromium/src/chrome/common/ipc_channel_win.cc, line 332
[Child 3444, Chrom1550613955179	Marionette	INFO	Stopped listening on port 57149

###!!! [Child][RunMessage] Error: Channel closing: too late to send/recv, messages will be lost

[GPU 8508, Chrome_ChildThr[Parent 11436, Gecko_IOThread] WARNING: pipe error: 109: file z:/build/build/src/ipc/chromium/src/chrome/common/ipc_channel_win.cc, line 332
[Child 12132, Chrome_ChildThread] WARNING: pipe error: 109: file z:/build/build/src/ipc/chromium/src/chrome/common/ipc_channel_win.cc, line 332
[Child 12132, Chrome_ChildThread] WAR[Child 9344, Chrome_ChildThread] WARNING: pipe error: 109: file z:/build/build/src/ipc/chromium/src/chrome/common/ipc_channel_win.cc, line 332
[Child 9344, Chrome_ChildThrea[Parent 11436, Gecko_IOThread] WARNING: pipe error: 109: file z:/build/build/src/ipc/chromium/src/chrome/common/ipc_channel_win.cc, line 332
[Child 5764, Chrome_ChildThread] WARNING: pipe error: 109: file z:/build/build/src/ipc/chromium/src/chrome/common/ipc_channel_win.cc, line 332
[Child 5764, Chrome_ChildThread] WARNING: pipe error: 109: file z:/build/build/src/ipc/chromium/src/chrome/common/ipc_channel_win.cc, line 332
1550615308584	Marionette	INFO	Stopped listening on port 57256

###!!! [Child][RunMessage] Error: Channel closing: too late to send/recv, messages will be lost

[GPU 8232, Chrome_
###!!! [Child][MessageChannel::SendAndWait] Error: Channel error: cannot send/recv

 Chrome_ChildTh[Child 11080, Chrome_ChildThread] WARNING: pipe error: 109: file z:/build/build/src/ipc/chromium/src/chrome/common/ipc_channel_win.cc, line 332
[Child 11080, Chrome_ChildThread] WARNING:[Parent 11388, Gecko_IOThread] WARNING: pipe error: 109: file z:/build/build/src/ipc/chromium/src/chrome/common/ipc_channel_win.cc, line 332
[Child 4460, Chrome_ChildThread] WARNING: pipe error: 109: file z:/build/build/src/ipc/chromium/src/chrome/common/ipc_channel_win.cc, line 332
[Child 4460, Chrome_C
###!!! [Child][RunMessage] Error: Channel closing: too late to send/recv, messages will be lost


###!!! [Child][MessageChannel::SendAndWait] Error: Channel error: cannot send/recv

1550614154170	mozrunner::runner	INFO	Running command: "C:\\Program Files\\Mozilla Firefox\\firefox.exe" "-marionette" "-foreground" "-no-remote" "-profile" "C:\\Users\\Matej\\AppData\\Local\\Temp\\rust_mozprofile.2GwT3BYHErLc"
1550614154417	addons.webextension.screenshots@mozilla.org	WARN	Loading extension 'screenshots@mozilla.org': Reading manifest: Invalid host permission: resource://pdf.js/
1550614154418	addons.webextension.screenshots@mozilla.org	WARN	Loading extension 'screenshots@mozilla.org': Reading manifest: Invalid host permission: about:reader*
1550614155292	Marionette	INFO	Listening on port 57502
1550614155783	Marionette	WARN	TLS certificate errors will be ignored for this session
JavaScript warning: http://ajax.googleapis.com/ajax/libs/jquery/1.10.2/jquery.min.js, line 1: Using //@ to indicate sourceMappingURL pragmas is deprecated. Use //# instead
1550614168354	Marionette	INFO	Stopped listening on port 57502
[Parent 7336, Gecko_IOThread] WARNING: pipe error: 109: file z:/build/build/src/ipc/chromium/src/chrome/common/ipc_channel_win.cc, line 332
[Child 12096, Chrome_ChildThread] WARNING: pipe error: 109: file z:/build/build/src/ipc/chromium/src/chrome/common/ipc_channel_win.cc, line 332
[Child 12096, Chrome_C[Parent 7336, Gecko_IOThread] WARNING: pipe error: 109: file z:/build/build/src/ipc/chromium/src/chrome/common/ipc_channel_win.cc, line 332
[Child 9748, Chrome_ChildThread] WARNING: pipe error: 109: file z:/build/build/src/ipc/chromium/src/chrome/common/ipc_channel_win.cc, line 332
[Child 9748, Chrome_ChildThread] WARNING: pip[GPU 5572, Chro
###!!! [Child][RunMessage] Error: Channel closing: too late to send/recv, messages will be lost

me_ChildThread] WARNIN
###!!! [Child][MessageChannel::SendAndWait] Error: Channel error: cannot send/recv

